----------------------------------------------------------------
2016-09-27 15:44:40.402 GMT:
 Booting Derby version The Apache Software Foundation - Apache Derby - 10.5.1.1 - (764942): instance a816c00e-0157-6c51-c373-ffff87036fef
on database directory /Users/sholdshi/bwce/git/restbookstore-docker/.metadata/.plugins/com.tibco.xpd.resources/db/TibcoResources  

Database Class Loader started - derby.database.classpath=''

------------  BEGIN SHUTDOWN ERROR STACK -------------

ERROR XSDG0: Page Page(7,Container(0, 161)) could not be read from disk.
	at org.apache.derby.iapi.error.StandardException.newException(StandardException.java:336)
	at org.apache.derby.impl.store.raw.data.CachedPage.readPage(CachedPage.java:695)
	at org.apache.derby.impl.store.raw.data.CachedPage.setIdentity(CachedPage.java:190)
	at org.apache.derby.impl.services.cache.ConcurrentCache.find(ConcurrentCache.java:295)
	at org.apache.derby.impl.store.raw.data.FileContainer.getUserPage(FileContainer.java:2427)
	at org.apache.derby.impl.store.raw.data.FileContainer.getPage(FileContainer.java:2477)
	at org.apache.derby.impl.store.raw.data.BaseContainerHandle.getPage(BaseContainerHandle.java:319)
	at org.apache.derby.impl.store.access.btree.ControlRow.get(ControlRow.java:833)
	at org.apache.derby.impl.store.access.btree.ControlRow.get(ControlRow.java:820)
	at org.apache.derby.impl.store.access.btree.BranchControlRow.getChildPageAtSlot(BranchControlRow.java:1423)
	at org.apache.derby.impl.store.access.btree.BranchControlRow.search(BranchControlRow.java:284)
	at org.apache.derby.impl.store.access.btree.BTreeScan.positionAtStartForForwardScan(BTreeScan.java:393)
	at org.apache.derby.impl.store.access.btree.BTreeForwardScan.positionAtStartPosition(BTreeForwardScan.java:70)
	at org.apache.derby.impl.store.access.btree.BTreeForwardScan.fetchRows(BTreeForwardScan.java:122)
	at org.apache.derby.impl.store.access.btree.BTreeScan.fetchNext(BTreeScan.java:1658)
	at org.apache.derby.impl.sql.catalog.DataDictionaryImpl.getDescriptorViaIndexMinion(DataDictionaryImpl.java:8436)
	at org.apache.derby.impl.sql.catalog.DataDictionaryImpl.getDescriptorViaIndex(DataDictionaryImpl.java:8249)
	at org.apache.derby.impl.sql.catalog.DataDictionaryImpl.getColumnDescriptorsScan(DataDictionaryImpl.java:2511)
	at org.apache.derby.impl.sql.catalog.DataDictionaryImpl.getColumnDescriptorsScan(DataDictionaryImpl.java:2475)
	at org.apache.derby.impl.sql.catalog.DataDictionaryImpl.finishTableDescriptor(DataDictionaryImpl.java:2174)
	at org.apache.derby.impl.sql.catalog.DataDictionaryImpl.getTableDescriptorIndex1Scan(DataDictionaryImpl.java:2043)
	at org.apache.derby.impl.sql.catalog.DataDictionaryImpl.getUncachedTableDescriptor(DataDictionaryImpl.java:2059)
	at org.apache.derby.impl.sql.catalog.NameTDCacheable.setIdentity(NameTDCacheable.java:110)
	at org.apache.derby.impl.services.cache.ConcurrentCache.find(ConcurrentCache.java:295)
	at org.apache.derby.impl.sql.catalog.DataDictionaryImpl.getTableDescriptor(DataDictionaryImpl.java:1990)
	at org.apache.derby.impl.sql.compile.QueryTreeNode.getTableDescriptor(QueryTreeNode.java:1242)
	at org.apache.derby.impl.sql.compile.FromBaseTable.bindTableDescriptor(FromBaseTable.java:2450)
	at org.apache.derby.impl.sql.compile.FromBaseTable.bindNonVTITables(FromBaseTable.java:2176)
	at org.apache.derby.impl.sql.compile.FromList.bindTables(FromList.java:310)
	at org.apache.derby.impl.sql.compile.SelectNode.bindNonVTITables(SelectNode.java:390)
	at org.apache.derby.impl.sql.compile.DMLStatementNode.bindTables(DMLStatementNode.java:199)
	at org.apache.derby.impl.sql.compile.DMLStatementNode.bind(DMLStatementNode.java:137)
	at org.apache.derby.impl.sql.compile.CursorNode.bindStatement(CursorNode.java:245)
	at org.apache.derby.impl.sql.GenericStatement.prepMinion(GenericStatement.java:316)
	at org.apache.derby.impl.sql.GenericStatement.prepare(GenericStatement.java:88)
	at org.apache.derby.impl.sql.conn.GenericLanguageConnectionContext.prepareInternalStatement(GenericLanguageConnectionContext.java:802)
	at org.apache.derby.impl.jdbc.EmbedPreparedStatement.<init>(EmbedPreparedStatement.java:121)
	at org.apache.derby.impl.jdbc.EmbedPreparedStatement20.<init>(EmbedPreparedStatement20.java:82)
	at org.apache.derby.impl.jdbc.EmbedPreparedStatement30.<init>(EmbedPreparedStatement30.java:63)
	at org.apache.derby.impl.jdbc.EmbedPreparedStatement40.<init>(EmbedPreparedStatement40.java:40)
	at org.apache.derby.jdbc.Driver40.newEmbedPreparedStatement(Driver40.java:105)
	at org.apache.derby.impl.jdbc.EmbedConnection.prepareStatement(EmbedConnection.java:1542)
	at org.apache.derby.impl.jdbc.EmbedConnection.prepareStatement(EmbedConnection.java:1370)
	at com.tibco.xpd.resources.internal.db.impl.derby.ResourceDbDerby.query(ResourceDbDerby.java:670)
	at com.tibco.xpd.resources.internal.indexer.IndexerServiceImpl.super(IndexerServiceImpl.java:909)
	at com.tibco.xpd.resources.internal.indexer.IndexerServiceImpl.index(IndexerServiceImpl.java:528)
	at com.tibco.xpd.resources.internal.indexer.IndexerServiceImpl.index(IndexerServiceImpl.java:503)
	at com.tibco.xpd.resources.internal.indexer.IndexerServiceImpl.initialiseIndexer(IndexerServiceImpl.java:488)
	at com.tibco.xpd.validation.internal.engine.WorkingCopyMonitor.workingCopyCreated(WorkingCopyMonitor.java:442)
	at com.tibco.xpd.resources.internal.wc.WorkingCopyFactoriesManager.addWorkingCopyCreationListener(WorkingCopyFactoriesManager.java:199)
	at com.tibco.xpd.resources.XpdResourcesPlugin.addWorkingCopyCreationListener(XpdResourcesPlugin.java:579)
	at com.tibco.xpd.validation.internal.engine.WorkingCopyMonitor.<init>(WorkingCopyMonitor.java:85)
	at com.tibco.xpd.validation.internal.engine.ValidationEngine$1.run(ValidationEngine.java:208)
	at org.eclipse.swt.widgets.RunnableLock.run(RunnableLock.java:35)
	at org.eclipse.swt.widgets.Synchronizer.runAsyncMessages(Synchronizer.java:136)
	at org.eclipse.swt.widgets.Display.runAsyncMessages(Display.java:3983)
	at org.eclipse.swt.widgets.Display.readAndDispatch(Display.java:3660)
	at org.eclipse.e4.ui.internal.workbench.swt.PartRenderingEngine$9.run(PartRenderingEngine.java:1151)
	at org.eclipse.core.databinding.observable.Realm.runWithDefault(Realm.java:332)
	at org.eclipse.e4.ui.internal.workbench.swt.PartRenderingEngine.run(PartRenderingEngine.java:1032)
	at org.eclipse.e4.ui.internal.workbench.E4Workbench.createAndRunUI(E4Workbench.java:148)
	at org.eclipse.ui.internal.Workbench$5.run(Workbench.java:636)
	at org.eclipse.core.databinding.observable.Realm.runWithDefault(Realm.java:332)
	at org.eclipse.ui.internal.Workbench.createAndRunWorkbench(Workbench.java:579)
	at org.eclipse.ui.PlatformUI.createAndRunWorkbench(PlatformUI.java:150)
	at org.eclipse.ui.internal.ide.application.IDEApplication.start(IDEApplication.java:135)
	at org.eclipse.equinox.internal.app.EclipseAppHandle.run(EclipseAppHandle.java:196)
	at org.eclipse.core.runtime.internal.adaptor.EclipseAppLauncher.runApplication(EclipseAppLauncher.java:134)
	at org.eclipse.core.runtime.internal.adaptor.EclipseAppLauncher.start(EclipseAppLauncher.java:104)
	at org.eclipse.core.runtime.adaptor.EclipseStarter.run(EclipseStarter.java:380)
	at org.eclipse.core.runtime.adaptor.EclipseStarter.run(EclipseStarter.java:235)
	at sun.reflect.NativeMethodAccessorImpl.invoke0(Native Method)
	at sun.reflect.NativeMethodAccessorImpl.invoke(NativeMethodAccessorImpl.java:62)
	at sun.reflect.DelegatingMethodAccessorImpl.invoke(DelegatingMethodAccessorImpl.java:43)
	at java.lang.reflect.Method.invoke(Method.java:498)
	at org.eclipse.equinox.launcher.Main.invokeFramework(Main.java:648)
	at org.eclipse.equinox.launcher.Main.basicRun(Main.java:603)
	at org.eclipse.equinox.launcher.Main.run(Main.java:1465)
Caused by: java.nio.channels.ClosedChannelException
	at sun.nio.ch.FileChannelImpl.ensureOpen(FileChannelImpl.java:110)
	at sun.nio.ch.FileChannelImpl.read(FileChannelImpl.java:721)
	at org.apache.derby.impl.store.raw.data.RAFContainer4.readFull(RAFContainer4.java:471)
	at org.apache.derby.impl.store.raw.data.RAFContainer4.readPage0(RAFContainer4.java:242)
	at org.apache.derby.impl.store.raw.data.RAFContainer4.readPage(RAFContainer4.java:212)
	at org.apache.derby.impl.store.raw.data.CachedPage.readPage(CachedPage.java:671)
	... 76 more
============= begin nested exception, level (1) ===========
java.nio.channels.ClosedChannelException
	at sun.nio.ch.FileChannelImpl.ensureOpen(FileChannelImpl.java:110)
	at sun.nio.ch.FileChannelImpl.read(FileChannelImpl.java:721)
	at org.apache.derby.impl.store.raw.data.RAFContainer4.readFull(RAFContainer4.java:471)
	at org.apache.derby.impl.store.raw.data.RAFContainer4.readPage0(RAFContainer4.java:242)
	at org.apache.derby.impl.store.raw.data.RAFContainer4.readPage(RAFContainer4.java:212)
	at org.apache.derby.impl.store.raw.data.CachedPage.readPage(CachedPage.java:671)
	at org.apache.derby.impl.store.raw.data.CachedPage.setIdentity(CachedPage.java:190)
	at org.apache.derby.impl.services.cache.ConcurrentCache.find(ConcurrentCache.java:295)
	at org.apache.derby.impl.store.raw.data.FileContainer.getUserPage(FileContainer.java:2427)
	at org.apache.derby.impl.store.raw.data.FileContainer.getPage(FileContainer.java:2477)
	at org.apache.derby.impl.store.raw.data.BaseContainerHandle.getPage(BaseContainerHandle.java:319)
	at org.apache.derby.impl.store.access.btree.ControlRow.get(ControlRow.java:833)
	at org.apache.derby.impl.store.access.btree.ControlRow.get(ControlRow.java:820)
	at org.apache.derby.impl.store.access.btree.BranchControlRow.getChildPageAtSlot(BranchControlRow.java:1423)
	at org.apache.derby.impl.store.access.btree.BranchControlRow.search(BranchControlRow.java:284)
	at org.apache.derby.impl.store.access.btree.BTreeScan.positionAtStartForForwardScan(BTreeScan.java:393)
	at org.apache.derby.impl.store.access.btree.BTreeForwardScan.positionAtStartPosition(BTreeForwardScan.java:70)
	at org.apache.derby.impl.store.access.btree.BTreeForwardScan.fetchRows(BTreeForwardScan.java:122)
	at org.apache.derby.impl.store.access.btree.BTreeScan.fetchNext(BTreeScan.java:1658)
	at org.apache.derby.impl.sql.catalog.DataDictionaryImpl.getDescriptorViaIndexMinion(DataDictionaryImpl.java:8436)
	at org.apache.derby.impl.sql.catalog.DataDictionaryImpl.getDescriptorViaIndex(DataDictionaryImpl.java:8249)
	at org.apache.derby.impl.sql.catalog.DataDictionaryImpl.getColumnDescriptorsScan(DataDictionaryImpl.java:2511)
	at org.apache.derby.impl.sql.catalog.DataDictionaryImpl.getColumnDescriptorsScan(DataDictionaryImpl.java:2475)
	at org.apache.derby.impl.sql.catalog.DataDictionaryImpl.finishTableDescriptor(DataDictionaryImpl.java:2174)
	at org.apache.derby.impl.sql.catalog.DataDictionaryImpl.getTableDescriptorIndex1Scan(DataDictionaryImpl.java:2043)
	at org.apache.derby.impl.sql.catalog.DataDictionaryImpl.getUncachedTableDescriptor(DataDictionaryImpl.java:2059)
	at org.apache.derby.impl.sql.catalog.NameTDCacheable.setIdentity(NameTDCacheable.java:110)
	at org.apache.derby.impl.services.cache.ConcurrentCache.find(ConcurrentCache.java:295)
	at org.apache.derby.impl.sql.catalog.DataDictionaryImpl.getTableDescriptor(DataDictionaryImpl.java:1990)
	at org.apache.derby.impl.sql.compile.QueryTreeNode.getTableDescriptor(QueryTreeNode.java:1242)
	at org.apache.derby.impl.sql.compile.FromBaseTable.bindTableDescriptor(FromBaseTable.java:2450)
	at org.apache.derby.impl.sql.compile.FromBaseTable.bindNonVTITables(FromBaseTable.java:2176)
	at org.apache.derby.impl.sql.compile.FromList.bindTables(FromList.java:310)
	at org.apache.derby.impl.sql.compile.SelectNode.bindNonVTITables(SelectNode.java:390)
	at org.apache.derby.impl.sql.compile.DMLStatementNode.bindTables(DMLStatementNode.java:199)
	at org.apache.derby.impl.sql.compile.DMLStatementNode.bind(DMLStatementNode.java:137)
	at org.apache.derby.impl.sql.compile.CursorNode.bindStatement(CursorNode.java:245)
	at org.apache.derby.impl.sql.GenericStatement.prepMinion(GenericStatement.java:316)
	at org.apache.derby.impl.sql.GenericStatement.prepare(GenericStatement.java:88)
	at org.apache.derby.impl.sql.conn.GenericLanguageConnectionContext.prepareInternalStatement(GenericLanguageConnectionContext.java:802)
	at org.apache.derby.impl.jdbc.EmbedPreparedStatement.<init>(EmbedPreparedStatement.java:121)
	at org.apache.derby.impl.jdbc.EmbedPreparedStatement20.<init>(EmbedPreparedStatement20.java:82)
	at org.apache.derby.impl.jdbc.EmbedPreparedStatement30.<init>(EmbedPreparedStatement30.java:63)
	at org.apache.derby.impl.jdbc.EmbedPreparedStatement40.<init>(EmbedPreparedStatement40.java:40)
	at org.apache.derby.jdbc.Driver40.newEmbedPreparedStatement(Driver40.java:105)
	at org.apache.derby.impl.jdbc.EmbedConnection.prepareStatement(EmbedConnection.java:1542)
	at org.apache.derby.impl.jdbc.EmbedConnection.prepareStatement(EmbedConnection.java:1370)
	at com.tibco.xpd.resources.internal.db.impl.derby.ResourceDbDerby.query(ResourceDbDerby.java:670)
	at com.tibco.xpd.resources.internal.indexer.IndexerServiceImpl.super(IndexerServiceImpl.java:909)
	at com.tibco.xpd.resources.internal.indexer.IndexerServiceImpl.index(IndexerServiceImpl.java:528)
	at com.tibco.xpd.resources.internal.indexer.IndexerServiceImpl.index(IndexerServiceImpl.java:503)
	at com.tibco.xpd.resources.internal.indexer.IndexerServiceImpl.initialiseIndexer(IndexerServiceImpl.java:488)
	at com.tibco.xpd.validation.internal.engine.WorkingCopyMonitor.workingCopyCreated(WorkingCopyMonitor.java:442)
	at com.tibco.xpd.resources.internal.wc.WorkingCopyFactoriesManager.addWorkingCopyCreationListener(WorkingCopyFactoriesManager.java:199)
	at com.tibco.xpd.resources.XpdResourcesPlugin.addWorkingCopyCreationListener(XpdResourcesPlugin.java:579)
	at com.tibco.xpd.validation.internal.engine.WorkingCopyMonitor.<init>(WorkingCopyMonitor.java:85)
	at com.tibco.xpd.validation.internal.engine.ValidationEngine$1.run(ValidationEngine.java:208)
	at org.eclipse.swt.widgets.RunnableLock.run(RunnableLock.java:35)
	at org.eclipse.swt.widgets.Synchronizer.runAsyncMessages(Synchronizer.java:136)
	at org.eclipse.swt.widgets.Display.runAsyncMessages(Display.java:3983)
	at org.eclipse.swt.widgets.Display.readAndDispatch(Display.java:3660)
	at org.eclipse.e4.ui.internal.workbench.swt.PartRenderingEngine$9.run(PartRenderingEngine.java:1151)
	at org.eclipse.core.databinding.observable.Realm.runWithDefault(Realm.java:332)
	at org.eclipse.e4.ui.internal.workbench.swt.PartRenderingEngine.run(PartRenderingEngine.java:1032)
	at org.eclipse.e4.ui.internal.workbench.E4Workbench.createAndRunUI(E4Workbench.java:148)
	at org.eclipse.ui.internal.Workbench$5.run(Workbench.java:636)
	at org.eclipse.core.databinding.observable.Realm.runWithDefault(Realm.java:332)
	at org.eclipse.ui.internal.Workbench.createAndRunWorkbench(Workbench.java:579)
	at org.eclipse.ui.PlatformUI.createAndRunWorkbench(PlatformUI.java:150)
	at org.eclipse.ui.internal.ide.application.IDEApplication.start(IDEApplication.java:135)
	at org.eclipse.equinox.internal.app.EclipseAppHandle.run(EclipseAppHandle.java:196)
	at org.eclipse.core.runtime.internal.adaptor.EclipseAppLauncher.runApplication(EclipseAppLauncher.java:134)
	at org.eclipse.core.runtime.internal.adaptor.EclipseAppLauncher.start(EclipseAppLauncher.java:104)
	at org.eclipse.core.runtime.adaptor.EclipseStarter.run(EclipseStarter.java:380)
	at org.eclipse.core.runtime.adaptor.EclipseStarter.run(EclipseStarter.java:235)
	at sun.reflect.NativeMethodAccessorImpl.invoke0(Native Method)
	at sun.reflect.NativeMethodAccessorImpl.invoke(NativeMethodAccessorImpl.java:62)
	at sun.reflect.DelegatingMethodAccessorImpl.invoke(DelegatingMethodAccessorImpl.java:43)
	at java.lang.reflect.Method.invoke(Method.java:498)
	at org.eclipse.equinox.launcher.Main.invokeFramework(Main.java:648)
	at org.eclipse.equinox.launcher.Main.basicRun(Main.java:603)
	at org.eclipse.equinox.launcher.Main.run(Main.java:1465)
============= end nested exception, level (1) ===========


------------  END SHUTDOWN ERROR STACK -------------

2016-09-27 15:44:50.658 GMT Thread[main,6,main] (XID = 24269), (SESSIONID = 1), (DATABASE = TibcoResources), (DRDAID = null), Cleanup action starting
2016-09-27 15:44:50.658 GMT Thread[main,6,main] (XID = 24269), (SESSIONID = 1), (DATABASE = TibcoResources), (DRDAID = null), Failed Statement is: SELECT * FROM svar_index WHERE internal_uri = ?
ERROR XSDG0: Page Page(7,Container(0, 161)) could not be read from disk.
	at org.apache.derby.iapi.error.StandardException.newException(StandardException.java:336)
	at org.apache.derby.impl.store.raw.data.CachedPage.readPage(CachedPage.java:695)
	at org.apache.derby.impl.store.raw.data.CachedPage.setIdentity(CachedPage.java:190)
	at org.apache.derby.impl.services.cache.ConcurrentCache.find(ConcurrentCache.java:295)
	at org.apache.derby.impl.store.raw.data.FileContainer.getUserPage(FileContainer.java:2427)
	at org.apache.derby.impl.store.raw.data.FileContainer.getPage(FileContainer.java:2477)
	at org.apache.derby.impl.store.raw.data.BaseContainerHandle.getPage(BaseContainerHandle.java:319)
	at org.apache.derby.impl.store.access.btree.ControlRow.get(ControlRow.java:833)
	at org.apache.derby.impl.store.access.btree.ControlRow.get(ControlRow.java:820)
	at org.apache.derby.impl.store.access.btree.BranchControlRow.getChildPageAtSlot(BranchControlRow.java:1423)
	at org.apache.derby.impl.store.access.btree.BranchControlRow.search(BranchControlRow.java:284)
	at org.apache.derby.impl.store.access.btree.BTreeScan.positionAtStartForForwardScan(BTreeScan.java:393)
	at org.apache.derby.impl.store.access.btree.BTreeForwardScan.positionAtStartPosition(BTreeForwardScan.java:70)
	at org.apache.derby.impl.store.access.btree.BTreeForwardScan.fetchRows(BTreeForwardScan.java:122)
	at org.apache.derby.impl.store.access.btree.BTreeScan.fetchNext(BTreeScan.java:1658)
	at org.apache.derby.impl.sql.catalog.DataDictionaryImpl.getDescriptorViaIndexMinion(DataDictionaryImpl.java:8436)
	at org.apache.derby.impl.sql.catalog.DataDictionaryImpl.getDescriptorViaIndex(DataDictionaryImpl.java:8249)
	at org.apache.derby.impl.sql.catalog.DataDictionaryImpl.getColumnDescriptorsScan(DataDictionaryImpl.java:2511)
	at org.apache.derby.impl.sql.catalog.DataDictionaryImpl.getColumnDescriptorsScan(DataDictionaryImpl.java:2475)
	at org.apache.derby.impl.sql.catalog.DataDictionaryImpl.finishTableDescriptor(DataDictionaryImpl.java:2174)
	at org.apache.derby.impl.sql.catalog.DataDictionaryImpl.getTableDescriptorIndex1Scan(DataDictionaryImpl.java:2043)
	at org.apache.derby.impl.sql.catalog.DataDictionaryImpl.getUncachedTableDescriptor(DataDictionaryImpl.java:2059)
	at org.apache.derby.impl.sql.catalog.NameTDCacheable.setIdentity(NameTDCacheable.java:110)
	at org.apache.derby.impl.services.cache.ConcurrentCache.find(ConcurrentCache.java:295)
	at org.apache.derby.impl.sql.catalog.DataDictionaryImpl.getTableDescriptor(DataDictionaryImpl.java:1990)
	at org.apache.derby.impl.sql.compile.QueryTreeNode.getTableDescriptor(QueryTreeNode.java:1242)
	at org.apache.derby.impl.sql.compile.FromBaseTable.bindTableDescriptor(FromBaseTable.java:2450)
	at org.apache.derby.impl.sql.compile.FromBaseTable.bindNonVTITables(FromBaseTable.java:2176)
	at org.apache.derby.impl.sql.compile.FromList.bindTables(FromList.java:310)
	at org.apache.derby.impl.sql.compile.SelectNode.bindNonVTITables(SelectNode.java:390)
	at org.apache.derby.impl.sql.compile.DMLStatementNode.bindTables(DMLStatementNode.java:199)
	at org.apache.derby.impl.sql.compile.DMLStatementNode.bind(DMLStatementNode.java:137)
	at org.apache.derby.impl.sql.compile.CursorNode.bindStatement(CursorNode.java:245)
	at org.apache.derby.impl.sql.GenericStatement.prepMinion(GenericStatement.java:316)
	at org.apache.derby.impl.sql.GenericStatement.prepare(GenericStatement.java:88)
	at org.apache.derby.impl.sql.conn.GenericLanguageConnectionContext.prepareInternalStatement(GenericLanguageConnectionContext.java:802)
	at org.apache.derby.impl.jdbc.EmbedPreparedStatement.<init>(EmbedPreparedStatement.java:121)
	at org.apache.derby.impl.jdbc.EmbedPreparedStatement20.<init>(EmbedPreparedStatement20.java:82)
	at org.apache.derby.impl.jdbc.EmbedPreparedStatement30.<init>(EmbedPreparedStatement30.java:63)
	at org.apache.derby.impl.jdbc.EmbedPreparedStatement40.<init>(EmbedPreparedStatement40.java:40)
	at org.apache.derby.jdbc.Driver40.newEmbedPreparedStatement(Driver40.java:105)
	at org.apache.derby.impl.jdbc.EmbedConnection.prepareStatement(EmbedConnection.java:1542)
	at org.apache.derby.impl.jdbc.EmbedConnection.prepareStatement(EmbedConnection.java:1370)
	at com.tibco.xpd.resources.internal.db.impl.derby.ResourceDbDerby.query(ResourceDbDerby.java:670)
	at com.tibco.xpd.resources.internal.indexer.IndexerServiceImpl.super(IndexerServiceImpl.java:909)
	at com.tibco.xpd.resources.internal.indexer.IndexerServiceImpl.index(IndexerServiceImpl.java:528)
	at com.tibco.xpd.resources.internal.indexer.IndexerServiceImpl.index(IndexerServiceImpl.java:503)
	at com.tibco.xpd.resources.internal.indexer.IndexerServiceImpl.initialiseIndexer(IndexerServiceImpl.java:488)
	at com.tibco.xpd.validation.internal.engine.WorkingCopyMonitor.workingCopyCreated(WorkingCopyMonitor.java:442)
	at com.tibco.xpd.resources.internal.wc.WorkingCopyFactoriesManager.addWorkingCopyCreationListener(WorkingCopyFactoriesManager.java:199)
	at com.tibco.xpd.resources.XpdResourcesPlugin.addWorkingCopyCreationListener(XpdResourcesPlugin.java:579)
	at com.tibco.xpd.validation.internal.engine.WorkingCopyMonitor.<init>(WorkingCopyMonitor.java:85)
	at com.tibco.xpd.validation.internal.engine.ValidationEngine$1.run(ValidationEngine.java:208)
	at org.eclipse.swt.widgets.RunnableLock.run(RunnableLock.java:35)
	at org.eclipse.swt.widgets.Synchronizer.runAsyncMessages(Synchronizer.java:136)
	at org.eclipse.swt.widgets.Display.runAsyncMessages(Display.java:3983)
	at org.eclipse.swt.widgets.Display.readAndDispatch(Display.java:3660)
	at org.eclipse.e4.ui.internal.workbench.swt.PartRenderingEngine$9.run(PartRenderingEngine.java:1151)
	at org.eclipse.core.databinding.observable.Realm.runWithDefault(Realm.java:332)
	at org.eclipse.e4.ui.internal.workbench.swt.PartRenderingEngine.run(PartRenderingEngine.java:1032)
	at org.eclipse.e4.ui.internal.workbench.E4Workbench.createAndRunUI(E4Workbench.java:148)
	at org.eclipse.ui.internal.Workbench$5.run(Workbench.java:636)
	at org.eclipse.core.databinding.observable.Realm.runWithDefault(Realm.java:332)
	at org.eclipse.ui.internal.Workbench.createAndRunWorkbench(Workbench.java:579)
	at org.eclipse.ui.PlatformUI.createAndRunWorkbench(PlatformUI.java:150)
	at org.eclipse.ui.internal.ide.application.IDEApplication.start(IDEApplication.java:135)
	at org.eclipse.equinox.internal.app.EclipseAppHandle.run(EclipseAppHandle.java:196)
	at org.eclipse.core.runtime.internal.adaptor.EclipseAppLauncher.runApplication(EclipseAppLauncher.java:134)
	at org.eclipse.core.runtime.internal.adaptor.EclipseAppLauncher.start(EclipseAppLauncher.java:104)
	at org.eclipse.core.runtime.adaptor.EclipseStarter.run(EclipseStarter.java:380)
	at org.eclipse.core.runtime.adaptor.EclipseStarter.run(EclipseStarter.java:235)
	at sun.reflect.NativeMethodAccessorImpl.invoke0(Native Method)
	at sun.reflect.NativeMethodAccessorImpl.invoke(NativeMethodAccessorImpl.java:62)
	at sun.reflect.DelegatingMethodAccessorImpl.invoke(DelegatingMethodAccessorImpl.java:43)
	at java.lang.reflect.Method.invoke(Method.java:498)
	at org.eclipse.equinox.launcher.Main.invokeFramework(Main.java:648)
	at org.eclipse.equinox.launcher.Main.basicRun(Main.java:603)
	at org.eclipse.equinox.launcher.Main.run(Main.java:1465)
Caused by: java.nio.channels.ClosedChannelException
	at sun.nio.ch.FileChannelImpl.ensureOpen(FileChannelImpl.java:110)
	at sun.nio.ch.FileChannelImpl.read(FileChannelImpl.java:721)
	at org.apache.derby.impl.store.raw.data.RAFContainer4.readFull(RAFContainer4.java:471)
	at org.apache.derby.impl.store.raw.data.RAFContainer4.readPage0(RAFContainer4.java:242)
	at org.apache.derby.impl.store.raw.data.RAFContainer4.readPage(RAFContainer4.java:212)
	at org.apache.derby.impl.store.raw.data.CachedPage.readPage(CachedPage.java:671)
	... 76 more
============= begin nested exception, level (1) ===========
java.nio.channels.ClosedChannelException
	at sun.nio.ch.FileChannelImpl.ensureOpen(FileChannelImpl.java:110)
	at sun.nio.ch.FileChannelImpl.read(FileChannelImpl.java:721)
	at org.apache.derby.impl.store.raw.data.RAFContainer4.readFull(RAFContainer4.java:471)
	at org.apache.derby.impl.store.raw.data.RAFContainer4.readPage0(RAFContainer4.java:242)
	at org.apache.derby.impl.store.raw.data.RAFContainer4.readPage(RAFContainer4.java:212)
	at org.apache.derby.impl.store.raw.data.CachedPage.readPage(CachedPage.java:671)
	at org.apache.derby.impl.store.raw.data.CachedPage.setIdentity(CachedPage.java:190)
	at org.apache.derby.impl.services.cache.ConcurrentCache.find(ConcurrentCache.java:295)
	at org.apache.derby.impl.store.raw.data.FileContainer.getUserPage(FileContainer.java:2427)
	at org.apache.derby.impl.store.raw.data.FileContainer.getPage(FileContainer.java:2477)
	at org.apache.derby.impl.store.raw.data.BaseContainerHandle.getPage(BaseContainerHandle.java:319)
	at org.apache.derby.impl.store.access.btree.ControlRow.get(ControlRow.java:833)
	at org.apache.derby.impl.store.access.btree.ControlRow.get(ControlRow.java:820)
	at org.apache.derby.impl.store.access.btree.BranchControlRow.getChildPageAtSlot(BranchControlRow.java:1423)
	at org.apache.derby.impl.store.access.btree.BranchControlRow.search(BranchControlRow.java:284)
	at org.apache.derby.impl.store.access.btree.BTreeScan.positionAtStartForForwardScan(BTreeScan.java:393)
	at org.apache.derby.impl.store.access.btree.BTreeForwardScan.positionAtStartPosition(BTreeForwardScan.java:70)
	at org.apache.derby.impl.store.access.btree.BTreeForwardScan.fetchRows(BTreeForwardScan.java:122)
	at org.apache.derby.impl.store.access.btree.BTreeScan.fetchNext(BTreeScan.java:1658)
	at org.apache.derby.impl.sql.catalog.DataDictionaryImpl.getDescriptorViaIndexMinion(DataDictionaryImpl.java:8436)
	at org.apache.derby.impl.sql.catalog.DataDictionaryImpl.getDescriptorViaIndex(DataDictionaryImpl.java:8249)
	at org.apache.derby.impl.sql.catalog.DataDictionaryImpl.getColumnDescriptorsScan(DataDictionaryImpl.java:2511)
	at org.apache.derby.impl.sql.catalog.DataDictionaryImpl.getColumnDescriptorsScan(DataDictionaryImpl.java:2475)
	at org.apache.derby.impl.sql.catalog.DataDictionaryImpl.finishTableDescriptor(DataDictionaryImpl.java:2174)
	at org.apache.derby.impl.sql.catalog.DataDictionaryImpl.getTableDescriptorIndex1Scan(DataDictionaryImpl.java:2043)
	at org.apache.derby.impl.sql.catalog.DataDictionaryImpl.getUncachedTableDescriptor(DataDictionaryImpl.java:2059)
	at org.apache.derby.impl.sql.catalog.NameTDCacheable.setIdentity(NameTDCacheable.java:110)
	at org.apache.derby.impl.services.cache.ConcurrentCache.find(ConcurrentCache.java:295)
	at org.apache.derby.impl.sql.catalog.DataDictionaryImpl.getTableDescriptor(DataDictionaryImpl.java:1990)
	at org.apache.derby.impl.sql.compile.QueryTreeNode.getTableDescriptor(QueryTreeNode.java:1242)
	at org.apache.derby.impl.sql.compile.FromBaseTable.bindTableDescriptor(FromBaseTable.java:2450)
	at org.apache.derby.impl.sql.compile.FromBaseTable.bindNonVTITables(FromBaseTable.java:2176)
	at org.apache.derby.impl.sql.compile.FromList.bindTables(FromList.java:310)
	at org.apache.derby.impl.sql.compile.SelectNode.bindNonVTITables(SelectNode.java:390)
	at org.apache.derby.impl.sql.compile.DMLStatementNode.bindTables(DMLStatementNode.java:199)
	at org.apache.derby.impl.sql.compile.DMLStatementNode.bind(DMLStatementNode.java:137)
	at org.apache.derby.impl.sql.compile.CursorNode.bindStatement(CursorNode.java:245)
	at org.apache.derby.impl.sql.GenericStatement.prepMinion(GenericStatement.java:316)
	at org.apache.derby.impl.sql.GenericStatement.prepare(GenericStatement.java:88)
	at org.apache.derby.impl.sql.conn.GenericLanguageConnectionContext.prepareInternalStatement(GenericLanguageConnectionContext.java:802)
	at org.apache.derby.impl.jdbc.EmbedPreparedStatement.<init>(EmbedPreparedStatement.java:121)
	at org.apache.derby.impl.jdbc.EmbedPreparedStatement20.<init>(EmbedPreparedStatement20.java:82)
	at org.apache.derby.impl.jdbc.EmbedPreparedStatement30.<init>(EmbedPreparedStatement30.java:63)
	at org.apache.derby.impl.jdbc.EmbedPreparedStatement40.<init>(EmbedPreparedStatement40.java:40)
	at org.apache.derby.jdbc.Driver40.newEmbedPreparedStatement(Driver40.java:105)
	at org.apache.derby.impl.jdbc.EmbedConnection.prepareStatement(EmbedConnection.java:1542)
	at org.apache.derby.impl.jdbc.EmbedConnection.prepareStatement(EmbedConnection.java:1370)
	at com.tibco.xpd.resources.internal.db.impl.derby.ResourceDbDerby.query(ResourceDbDerby.java:670)
	at com.tibco.xpd.resources.internal.indexer.IndexerServiceImpl.super(IndexerServiceImpl.java:909)
	at com.tibco.xpd.resources.internal.indexer.IndexerServiceImpl.index(IndexerServiceImpl.java:528)
	at com.tibco.xpd.resources.internal.indexer.IndexerServiceImpl.index(IndexerServiceImpl.java:503)
	at com.tibco.xpd.resources.internal.indexer.IndexerServiceImpl.initialiseIndexer(IndexerServiceImpl.java:488)
	at com.tibco.xpd.validation.internal.engine.WorkingCopyMonitor.workingCopyCreated(WorkingCopyMonitor.java:442)
	at com.tibco.xpd.resources.internal.wc.WorkingCopyFactoriesManager.addWorkingCopyCreationListener(WorkingCopyFactoriesManager.java:199)
	at com.tibco.xpd.resources.XpdResourcesPlugin.addWorkingCopyCreationListener(XpdResourcesPlugin.java:579)
	at com.tibco.xpd.validation.internal.engine.WorkingCopyMonitor.<init>(WorkingCopyMonitor.java:85)
	at com.tibco.xpd.validation.internal.engine.ValidationEngine$1.run(ValidationEngine.java:208)
	at org.eclipse.swt.widgets.RunnableLock.run(RunnableLock.java:35)
	at org.eclipse.swt.widgets.Synchronizer.runAsyncMessages(Synchronizer.java:136)
	at org.eclipse.swt.widgets.Display.runAsyncMessages(Display.java:3983)
	at org.eclipse.swt.widgets.Display.readAndDispatch(Display.java:3660)
	at org.eclipse.e4.ui.internal.workbench.swt.PartRenderingEngine$9.run(PartRenderingEngine.java:1151)
	at org.eclipse.core.databinding.observable.Realm.runWithDefault(Realm.java:332)
	at org.eclipse.e4.ui.internal.workbench.swt.PartRenderingEngine.run(PartRenderingEngine.java:1032)
	at org.eclipse.e4.ui.internal.workbench.E4Workbench.createAndRunUI(E4Workbench.java:148)
	at org.eclipse.ui.internal.Workbench$5.run(Workbench.java:636)
	at org.eclipse.core.databinding.observable.Realm.runWithDefault(Realm.java:332)
	at org.eclipse.ui.internal.Workbench.createAndRunWorkbench(Workbench.java:579)
	at org.eclipse.ui.PlatformUI.createAndRunWorkbench(PlatformUI.java:150)
	at org.eclipse.ui.internal.ide.application.IDEApplication.start(IDEApplication.java:135)
	at org.eclipse.equinox.internal.app.EclipseAppHandle.run(EclipseAppHandle.java:196)
	at org.eclipse.core.runtime.internal.adaptor.EclipseAppLauncher.runApplication(EclipseAppLauncher.java:134)
	at org.eclipse.core.runtime.internal.adaptor.EclipseAppLauncher.start(EclipseAppLauncher.java:104)
	at org.eclipse.core.runtime.adaptor.EclipseStarter.run(EclipseStarter.java:380)
	at org.eclipse.core.runtime.adaptor.EclipseStarter.run(EclipseStarter.java:235)
	at sun.reflect.NativeMethodAccessorImpl.invoke0(Native Method)
	at sun.reflect.NativeMethodAccessorImpl.invoke(NativeMethodAccessorImpl.java:62)
	at sun.reflect.DelegatingMethodAccessorImpl.invoke(DelegatingMethodAccessorImpl.java:43)
	at java.lang.reflect.Method.invoke(Method.java:498)
	at org.eclipse.equinox.launcher.Main.invokeFramework(Main.java:648)
	at org.eclipse.equinox.launcher.Main.basicRun(Main.java:603)
	at org.eclipse.equinox.launcher.Main.run(Main.java:1465)
============= end nested exception, level (1) ===========

2016-09-27 15:44:50.659 GMT:
Shutting down instance a816c00e-0157-6c51-c373-ffff87036fef
----------------------------------------------------------------
Cleanup action completed
----------------------------------------------------------------
2016-09-27 15:44:50.667 GMT:
 Booting Derby version The Apache Software Foundation - Apache Derby - 10.5.1.1 - (764942): instance 9c3e00f1-0157-6c51-c373-ffff87036fef
on database directory /Users/sholdshi/bwce/git/restbookstore-docker/.metadata/.plugins/com.tibco.xpd.resources/db/TibcoResources  

Database Class Loader started - derby.database.classpath=''
